#
# There is insufficient memory for the Java Runtime Environment to continue.
# Native memory allocation (malloc) failed to allocate 322464 bytes for Chunk::new
# Possible reasons:
#   The system is out of physical RAM or swap space
#   In 32 bit mode, the process size limit was hit
# Possible solutions:
#   Reduce memory load on the system
#   Increase physical memory or swap space
#   Check if swap backing store is full
#   Use 64 bit Java on a 64 bit OS
#   Decrease Java heap size (-Xmx/-Xms)
#   Decrease number of Java threads
#   Decrease Java thread stack sizes (-Xss)
#   Set larger code cache with -XX:ReservedCodeCacheSize=
# This output file may be truncated or incomplete.
#
#  Out of Memory Error (allocation.cpp:323), pid=28004, tid=25128
#
# JRE version: Java(TM) SE Runtime Environment (7.0_79-b15) (build 1.7.0_79-b15)
# Java VM: Java HotSpot(TM) 64-Bit Server VM (24.79-b02 mixed mode windows-amd64 compressed oops)
# Failed to write core dump. Minidumps are not enabled by default on client versions of Windows
#

---------------  T H R E A D  ---------------

Current thread (0x0000000007faa800):  JavaThread "C2 CompilerThread0" daemon [_thread_in_native, id=25128, stack(0x0000000008ef0000,0x0000000008ff0000)]

Stack: [0x0000000008ef0000,0x0000000008ff0000]
[error occurred during error reporting (printing stack bounds), id 0xc0000005]


[error occurred during error reporting (printing native stack), id 0xc0000005]


Current CompileTask:
C2:   3880  292             com.android.dx.merge.DexMerger::transformMethods (126 bytes)


---------------  P R O C E S S  ---------------

Java Threads: ( => current thread )
  0x0000000007fb3000 JavaThread "Service Thread" daemon [_thread_blocked, id=28432, stack(0x00000000090f0000,0x00000000091f0000)]
  0x0000000007fae800 JavaThread "C2 CompilerThread1" daemon [_thread_blocked, id=28468, stack(0x0000000008ff0000,0x00000000090f0000)]
=>0x0000000007faa800 JavaThread "C2 CompilerThread0" daemon [_thread_in_native, id=25128, stack(0x0000000008ef0000,0x0000000008ff0000)]
  0x0000000007fa9000 JavaThread "Attach Listener" daemon [_thread_blocked, id=23932, stack(0x0000000008df0000,0x0000000008ef0000)]
  0x0000000007f93800 JavaThread "Signal Dispatcher" daemon [_thread_blocked, id=28244, stack(0x0000000008cf0000,0x0000000008df0000)]
  0x0000000007f5a000 JavaThread "Finalizer" daemon [_thread_blocked, id=28060, stack(0x0000000008bf0000,0x0000000008cf0000)]
  0x0000000007f52000 JavaThread "Reference Handler" daemon [_thread_blocked, id=26600, stack(0x0000000008af0000,0x0000000008bf0000)]
  0x00000000021fd800 JavaThread "main" [_thread_in_Java, id=23992, stack(0x0000000002200000,0x0000000002300000)]

Other Threads:
  0x0000000007f4c800 VMThread [stack: 0x00000000089f0000,0x0000000008af0000] [id=2180]
  0x0000000007fcc800 WatcherThread [stack: 0x00000000091f0000,0x00000000092f0000] [id=24140]

VM state:not at safepoint (normal execution)

VM Mutex/Monitor currently owned by a thread: None

Heap
 PSYoungGen      total 52736K, used 16957K [0x00000000eaa80000, 0x00000000ee180000, 0x0000000100000000)
  eden space 49152K, 27% used [0x00000000eaa80000,0x00000000eb792d48,0x00000000eda80000)
  from space 3584K, 99% used [0x00000000ede00000,0x00000000ee17c988,0x00000000ee180000)
  to   space 3584K, 0% used [0x00000000eda80000,0x00000000eda80000,0x00000000ede00000)
 ParOldGen       total 62976K, used 7758K [0x00000000c0000000, 0x00000000c3d80000, 0x00000000eaa80000)
  object space 62976K, 12% used [0x00000000c0000000,0x00000000c0793950,0x00000000c3d80000)
 PSPermGen       total 21504K, used 4666K [0x00000000bae00000, 0x00000000bc300000, 0x00000000c0000000)
  object space 21504K, 21% used [0x00000000bae00000,0x00000000bb28e848,0x00000000bc300000)

Card table byte_map: [0x0000000005400000,0x0000000005630000] byte_map_base: 0x0000000004e29000

Polling page: 0x0000000000200000

Code Cache  [0x0000000002400000, 0x0000000002670000, 0x0000000005400000)
 total_blobs=554 nmethods=323 adapters=184 free_code_cache=48112Kb largest_free_block=49239872

Compilation events (10 events):
Event: 3.399 Thread 0x0000000007fae800 nmethod 299 0x00000000024f1050 code [0x00000000024f11a0, 0x00000000024f1338]
Event: 3.414 Thread 0x0000000007fae800  300             com.android.dx.io.instructions.ZeroRegisterDecodedInstruction::<init> (14 bytes)
Event: 3.416 Thread 0x0000000007fae800 nmethod 300 0x00000000024f0d50 code [0x00000000024f0e80, 0x00000000024f0f58]
Event: 3.417 Thread 0x0000000007fae800  301             com.android.dx.io.instructions.TwoRegisterDecodedInstruction::getRegisterCount (2 bytes)
Event: 3.417 Thread 0x0000000007fae800 nmethod 301 0x00000000024ee310 code [0x00000000024ee440, 0x00000000024ee498]
Event: 3.420 Thread 0x0000000007fae800  302             com.android.dex.ClassData$Method::getMethodIndex (5 bytes)
Event: 3.420 Thread 0x0000000007fae800 nmethod 302 0x00000000024f0b50 code [0x00000000024f0c80, 0x00000000024f0cd8]
Event: 3.420 Thread 0x0000000007fae800  303             com.android.dex.ClassData$Method::getAccessFlags (5 bytes)
Event: 3.421 Thread 0x0000000007fae800 nmethod 303 0x00000000024f0950 code [0x00000000024f0a80, 0x00000000024f0ad8]
Event: 3.459 Thread 0x0000000007fae800  304             com.android.dex.Dex::readCode (28 bytes)

GC Heap History (4 events):
Event: 1.665 GC heap before
{Heap before GC invocations=1 (full 0):
 PSYoungGen      total 28160K, used 24576K [0x00000000eaa80000, 0x00000000ec980000, 0x0000000100000000)
  eden space 24576K, 100% used [0x00000000eaa80000,0x00000000ec280000,0x00000000ec280000)
  from space 3584K, 0% used [0x00000000ec600000,0x00000000ec600000,0x00000000ec980000)
  to   space 3584K, 0% used [0x00000000ec280000,0x00000000ec280000,0x00000000ec600000)
 ParOldGen       total 62976K, used 0K [0x00000000c0000000, 0x00000000c3d80000, 0x00000000eaa80000)
  object space 62976K, 0% used [0x00000000c0000000,0x00000000c0000000,0x00000000c3d80000)
 PSPermGen       total 21504K, used 4009K [0x00000000bae00000, 0x00000000bc300000, 0x00000000c0000000)
  object space 21504K, 18% used [0x00000000bae00000,0x00000000bb1ea710,0x00000000bc300000)
Event: 1.701 GC heap after
Heap after GC invocations=1 (full 0):
 PSYoungGen      total 28160K, used 3578K [0x00000000eaa80000, 0x00000000ee180000, 0x0000000100000000)
  eden space 24576K, 0% used [0x00000000eaa80000,0x00000000eaa80000,0x00000000ec280000)
  from space 3584K, 99% used [0x00000000ec280000,0x00000000ec5feb68,0x00000000ec600000)
  to   space 3584K, 0% used [0x00000000ede00000,0x00000000ede00000,0x00000000ee180000)
 ParOldGen       total 62976K, used 6472K [0x00000000c0000000, 0x00000000c3d80000, 0x00000000eaa80000)
  object space 62976K, 10% used [0x00000000c0000000,0x00000000c0652380,0x00000000c3d80000)
 PSPermGen       total 21504K, used 4009K [0x00000000bae00000, 0x00000000bc300000, 0x00000000c0000000)
  object space 21504K, 18% used [0x00000000bae00000,0x00000000bb1ea710,0x00000000bc300000)
}
Event: 3.322 GC heap before
{Heap before GC invocations=2 (full 0):
 PSYoungGen      total 28160K, used 28154K [0x00000000eaa80000, 0x00000000ee180000, 0x0000000100000000)
  eden space 24576K, 100% used [0x00000000eaa80000,0x00000000ec280000,0x00000000ec280000)
  from space 3584K, 99% used [0x00000000ec280000,0x00000000ec5feb68,0x00000000ec600000)
  to   space 3584K, 0% used [0x00000000ede00000,0x00000000ede00000,0x00000000ee180000)
 ParOldGen       total 62976K, used 6472K [0x00000000c0000000, 0x00000000c3d80000, 0x00000000eaa80000)
  object space 62976K, 10% used [0x00000000c0000000,0x00000000c0652380,0x00000000c3d80000)
 PSPermGen       total 21504K, used 4452K [0x00000000bae00000, 0x00000000bc300000, 0x00000000c0000000)
  object space 21504K, 20% used [0x00000000bae00000,0x00000000bb259318,0x00000000bc300000)
Event: 3.328 GC heap after
Heap after GC invocations=2 (full 0):
 PSYoungGen      total 52736K, used 3570K [0x00000000eaa80000, 0x00000000ee180000, 0x0000000100000000)
  eden space 49152K, 0% used [0x00000000eaa80000,0x00000000eaa80000,0x00000000eda80000)
  from space 3584K, 99% used [0x00000000ede00000,0x00000000ee17c988,0x00000000ee180000)
  to   space 3584K, 0% used [0x00000000eda80000,0x00000000eda80000,0x00000000ede00000)
 ParOldGen       total 62976K, used 7758K [0x00000000c0000000, 0x00000000c3d80000, 0x00000000eaa80000)
  object space 62976K, 12% used [0x00000000c0000000,0x00000000c0793950,0x00000000c3d80000)
 PSPermGen       total 21504K, used 4452K [0x00000000bae00000, 0x00000000bc300000, 0x00000000c0000000)
  object space 21504K, 20% used [0x00000000bae00000,0x00000000bb259318,0x00000000bc300000)
}

Deoptimization events (10 events):
Event: 2.390 Thread 0x00000000021fd800 Uncommon trap: reason=class_check action=maybe_recompile pc=0x000000000247646c method=com.android.dex.Leb128.readUnsignedLeb128(Lcom/android/dex/com.nongda.jonney.util/ByteInput;)I @ 5
Event: 2.390 Thread 0x00000000021fd800 Uncommon trap: reason=predicate action=maybe_recompile pc=0x0000000002478cb4 method=com.android.dex.Leb128.writeUnsignedLeb128(Lcom/android/dex/com.nongda.jonney.util/ByteOutput;I)V @ 9
Event: 2.390 Thread 0x00000000021fd800 Uncommon trap: reason=class_check action=maybe_recompile pc=0x000000000247646c method=com.android.dex.Leb128.readUnsignedLeb128(Lcom/android/dex/com.nongda.jonney.util/ByteInput;)I @ 5
Event: 2.390 Thread 0x00000000021fd800 Uncommon trap: reason=class_check action=maybe_recompile pc=0x000000000247646c method=com.android.dex.Leb128.readUnsignedLeb128(Lcom/android/dex/com.nongda.jonney.util/ByteInput;)I @ 5
Event: 2.426 Thread 0x00000000021fd800 Uncommon trap: reason=predicate action=maybe_recompile pc=0x00000000024b3208 method=com.android.dex.Leb128.readUnsignedLeb128(Lcom/android/dex/com.nongda.jonney.util/ByteInput;)I @ 41
Event: 2.499 Thread 0x00000000021fd800 Uncommon trap: reason=class_check action=maybe_recompile pc=0x0000000002495d0c method=com.android.dx.merge.DexMerger$IdMerger$UnsortedValue.compareTo(Lcom/android/dx/merge/DexMerger$IdMerger$UnsortedValue;)I @ 8
Event: 2.499 Thread 0x00000000021fd800 Uncommon trap: reason=class_check action=maybe_recompile pc=0x0000000002495d0c method=com.android.dx.merge.DexMerger$IdMerger$UnsortedValue.compareTo(Lcom/android/dx/merge/DexMerger$IdMerger$UnsortedValue;)I @ 8
Event: 2.499 Thread 0x00000000021fd800 Uncommon trap: reason=class_check action=maybe_recompile pc=0x0000000002495d0c method=com.android.dx.merge.DexMerger$IdMerger$UnsortedValue.compareTo(Lcom/android/dx/merge/DexMerger$IdMerger$UnsortedValue;)I @ 8
Event: 2.499 Thread 0x00000000021fd800 Uncommon trap: reason=class_check action=maybe_recompile pc=0x0000000002495d0c method=com.android.dx.merge.DexMerger$IdMerger$UnsortedValue.compareTo(Lcom/android/dx/merge/DexMerger$IdMerger$UnsortedValue;)I @ 8
Event: 2.499 Thread 0x00000000021fd800 Uncommon trap: reason=class_check action=maybe_recompile pc=0x00000000024956e8 method=com.android.dx.merge.DexMerger$IdMerger$UnsortedValue.compareTo(Lcom/android/dx/merge/DexMerger$IdMerger$UnsortedValue;)I @ 8

Internal exceptions (10 events):
Event: 2.874 Thread 0x00000000021fd800 Threw 0x00000000eb794ec8 at C:\re\jdk7u79\2331\hotspot\src\share\vm\prims\jvm.cpp:1304
Event: 2.875 Thread 0x00000000021fd800 Threw 0x00000000eb797f40 at C:\re\jdk7u79\2331\hotspot\src\share\vm\prims\jvm.cpp:1304
Event: 2.875 Thread 0x00000000021fd800 Threw 0x00000000eb79ae70 at C:\re\jdk7u79\2331\hotspot\src\share\vm\prims\jvm.cpp:1304
Event: 2.878 Thread 0x00000000021fd800 Threw 0x00000000eb79e960 at C:\re\jdk7u79\2331\hotspot\src\share\vm\prims\jvm.cpp:1304
Event: 2.879 Thread 0x00000000021fd800 Threw 0x00000000eb7a1698 at C:\re\jdk7u79\2331\hotspot\src\share\vm\prims\jvm.cpp:1304
Event: 2.879 Thread 0x00000000021fd800 Threw 0x00000000eb7a4590 at C:\re\jdk7u79\2331\hotspot\src\share\vm\prims\jvm.cpp:1304
Event: 2.880 Thread 0x00000000021fd800 Threw 0x00000000eb7a7db0 at C:\re\jdk7u79\2331\hotspot\src\share\vm\prims\jvm.cpp:1304
Event: 2.884 Thread 0x00000000021fd800 Threw 0x00000000eb7afd48 at C:\re\jdk7u79\2331\hotspot\src\share\vm\prims\jvm.cpp:1304
Event: 2.885 Thread 0x00000000021fd800 Threw 0x00000000eb7b1fe8 at C:\re\jdk7u79\2331\hotspot\src\share\vm\prims\jvm.cpp:1304
Event: 3.192 Thread 0x00000000021fd800 Threw 0x00000000ebe0aee0 at C:\re\jdk7u79\2331\hotspot\src\share\vm\prims\jvm.cpp:1304

Events (10 events):
Event: 2.884 loading class 0x00000000093ece60
Event: 2.884 loading class 0x00000000093ece60 done
Event: 2.885 loading class 0x00000000023433f0
Event: 2.885 loading class 0x00000000023433f0 done
Event: 2.885 loading class 0x000000000804d5a0
Event: 2.885 loading class 0x000000000804d5a0 done
Event: 3.192 loading class 0x0000000009326a80
Event: 3.192 loading class 0x0000000009326a80 done
Event: 3.322 Executing VM operation: ParallelGCFailedAllocation
Event: 3.328 Executing VM operation: ParallelGCFailedAllocation done


Dynamic libraries:
0x00007ff6dcef0000 - 0x00007ff6dcf23000 	D:\Java\jdk1.7.0_79\bin\java.exe
0x00007ffa71600000 - 0x00007ffa717c1000 	C:\Windows\SYSTEM32\ntdll.dll
0x00007ffa6f4c0000 - 0x00007ffa6f56d000 	C:\Windows\system32\KERNEL32.DLL
0x00007ffa6e990000 - 0x00007ffa6eb6d000 	C:\Windows\system32\KERNELBASE.dll
0x00007ffa6efc0000 - 0x00007ffa6f066000 	C:\Windows\system32\ADVAPI32.dll
0x00007ffa6fb80000 - 0x00007ffa6fc1d000 	C:\Windows\system32\msvcrt.dll
0x00007ffa6f070000 - 0x00007ffa6f0cb000 	C:\Windows\system32\sechost.dll
0x00007ffa6fa50000 - 0x00007ffa6fb76000 	C:\Windows\system32\RPCRT4.dll
0x00007ffa6f5d0000 - 0x00007ffa6f71e000 	C:\Windows\system32\USER32.dll
0x00007ffa71470000 - 0x00007ffa715f6000 	C:\Windows\system32\GDI32.dll
0x00007ffa69150000 - 0x00007ffa693c4000 	C:\Windows\WinSxS\amd64_microsoft.windows.com.nongda.jonney.common-controls_6595b64144ccf1df_6.0.10240.16425_none_f4210608574f6bfb\COMCTL32.dll
0x00007ffa6fe90000 - 0x00007ffa6fec6000 	C:\Windows\system32\IMM32.DLL
0x00007ffa6f8f0000 - 0x00007ffa6fa4c000 	C:\Windows\system32\MSCTF.dll
0x00007ffa6df20000 - 0x00007ffa6df51000 	C:\Windows\system32\nvinitx.dll
0x00007ffa6df10000 - 0x00007ffa6df1a000 	C:\Windows\SYSTEM32\VERSION.dll
0x0000000051720000 - 0x0000000051726000 	C:\Program Files\NVIDIA Corporation\CoProcManager\_etoured.dll
0x00007ffa6be10000 - 0x00007ffa6be42000 	C:\Program Files\NVIDIA Corporation\CoProcManager\nvd3d9wrapx.dll
0x00007ffa6f720000 - 0x00007ffa6f8e5000 	C:\Windows\system32\SETUPAPI.dll
0x00007ffa6eb70000 - 0x00007ffa6ebb4000 	C:\Windows\system32\CFGMGR32.dll
0x00007ffa6bde0000 - 0x00007ffa6be02000 	C:\Program Files\NVIDIA Corporation\CoProcManager\nvdxgiwrapx.dll
0x0000000077630000 - 0x0000000077702000 	D:\Java\jdk1.7.0_79\jre\bin\msvcr100.dll
0x0000000077820000 - 0x0000000077ff5000 	D:\Java\jdk1.7.0_79\jre\bin\com.nongda.jonney.server\jvm.dll
0x00007ffa6f220000 - 0x00007ffa6f228000 	C:\Windows\system32\PSAPI.DLL
0x00007ffa682d0000 - 0x00007ffa682d9000 	C:\Windows\SYSTEM32\WSOCK32.dll
0x00007ffa6ecd0000 - 0x00007ffa6ed39000 	C:\Windows\system32\WS2_32.dll
0x00007ffa6fed0000 - 0x00007ffa6fed8000 	C:\Windows\system32\NSI.dll
0x00007ffa6c630000 - 0x00007ffa6c653000 	C:\Windows\SYSTEM32\WINMM.dll
0x00007ffa6c5d0000 - 0x00007ffa6c5fc000 	C:\Windows\SYSTEM32\WINMMBASE.dll
0x00007ffa6c8b0000 - 0x00007ffa6c8d7000 	C:\Windows\SYSTEM32\DEVOBJ.dll
0x00000000508e0000 - 0x00000000508ef000 	D:\Java\jdk1.7.0_79\jre\bin\verify.dll
0x0000000050300000 - 0x0000000050328000 	D:\Java\jdk1.7.0_79\jre\bin\java.dll
0x00000000502e0000 - 0x00000000502f5000 	D:\Java\jdk1.7.0_79\jre\bin\zip.dll
0x00000000502c0000 - 0x00000000502da000 	D:\Java\jdk1.7.0_79\jre\bin\net.dll
0x00007ffa6d7f0000 - 0x00007ffa6d84d000 	C:\Windows\system32\mswsock.dll
0x00000000502a0000 - 0x00000000502b1000 	D:\Java\jdk1.7.0_79\jre\bin\nio.dll

VM Arguments:
jvm_args: -Djava.awt.headless=true -Xmx1024M -Dfile.encoding=GBK -Duser.country=CN -Duser.language=zh -Duser.variant 
java_command: com.android.dx.command.Main --dex --num-threads=4 --output F:\work\nongdaapp\project\NDApp3\v2\app\build\intermediates\transforms\dex\debug\folders\1000\1f\main F:\work\nongdaapp\project\NDApp3\v2\app\build\intermediates\pre-dexed\debug\com.android.support-appcompat-v7-23.1.1_9a6d037286c52b68c143b2f278da9b33530cdebd.jar F:\work\nongdaapp\project\NDApp3\v2\app\build\intermediates\pre-dexed\debug\classes_79bfe4a8847136c7e11a6347adc2a8d7910d50d4.jar F:\work\nongdaapp\project\NDApp3\v2\app\build\intermediates\pre-dexed\debug\instant-run_9208ea355a4185423f6a089457e9a12976ca927d.jar F:\work\nongdaapp\project\NDApp3\v2\app\build\intermediates\pre-dexed\debug\support-annotations-23.1.1_aac2bfcffc17041b783ec2f8448b33ad93a6848c.jar F:\work\nongdaapp\project\NDApp3\v2\app\build\intermediates\pre-dexed\debug\com.android.support-support-v4-23.1.1_8b819fd860dd151d87e0b3b724ada493247356cf.jar F:\work\nongdaapp\project\NDApp3\v2\app\build\intermediates\pre-dexed\debug\com.android.support-recyclerview-v7-23.1.1_63f1c9368956ebc3c72349cfac0646b4b59ba903.jar F:\work\nongdaapp\project\NDApp3\v2\app\build\intermediates\pre-dexed\debug\com.android.support-design-23.1.1_0c10df0aa70f8a2e9e54b3aa3cd121fee349d0fc.jar F:\work\nongdaapp\project\NDApp3\v2\app\build\intermediates\pre-dexed\debug\main_953754bc0e219d53047ed99705d0da998d971f30.jar F:\work\nongdaapp\project\NDApp3\v2\app\build\intermediates\pre-dexed\debug\internal_impl-23.1.1_7e20cebbfde11a91fbf6f52e3d32210a779e6033.jar
Launcher Type: SUN_STANDARD

Environment Variables:
JAVA_HOME=D:\Java\jdk1.7.0_79
PATH=D:\Java\jdk1.7.0_79\bin;C:\Program Files (x86)\NVIDIA Corporation\PhysX\Common;C:\Windows\system32;C:\Windows;C:\Windows\System32\Wbem;C:\Windows\System32\WindowsPowerShell\v1.0\;D:\Program Files\Mybin;C:\Program Files\Microsoft SQL Server\120\Tools\Binn\;G:\Program\Git\bin;C:\Program Files (x86)\Windows Kits\10\Windows Performance Toolkit\;C:\Program Files\Microsoft\Web Platform Installer\;G:\Python\Program\Python27;G:\Program\nvm;G:\JavaScript\Program\nodejs;V:\Android\android-sdk;C:\Program Files (x86)\GtkSharp\2.12\bin;G:\Program\SlikSvn\bin;G:\JavaScript\Program\nodejs\;G:\Program\nvm;G:\JavaScript\Program\nodejs;C:\Users\Jonney\AppData\Roaming\npm
USERNAME=Jonney
OS=Windows_NT
PROCESSOR_IDENTIFIER=Intel64 Family 6 Model 42 Stepping 7, GenuineIntel



---------------  S Y S T E M  ---------------

OS: Windows 8.1 , 64 bit Build 9600 

CPU:total 2 (2 cores per cpu, 1 threads per core) family 6 model 42 stepping 7, cmov, cx8, fxsr, mmx, sse, sse2, sse3, ssse3, sse4.1, sse4.2, popcnt, tsc, tscinvbit

Memory: 4k page, physical 6062136k(388452k free), swap 7110712k(5676k free)

vm_info: Java HotSpot(TM) 64-Bit Server VM (24.79-b02) for windows-amd64 JRE (1.7.0_79-b15), built on Apr 10 2015 12:36:16 by "java_re" with unknown MS VC++:1600

time: Thu Feb 25 03:53:41 2016
elapsed time: 3 seconds

