#
# There is insufficient memory for the Java Runtime Environment to continue.
# Native memory allocation (malloc) failed to allocate 779856 bytes for Chunk::new
# Possible reasons:
#   The system is out of physical RAM or swap space
#   In 32 bit mode, the process size limit was hit
# Possible solutions:
#   Reduce memory load on the system
#   Increase physical memory or swap space
#   Check if swap backing store is full
#   Use 64 bit Java on a 64 bit OS
#   Decrease Java heap size (-Xmx/-Xms)
#   Decrease number of Java threads
#   Decrease Java thread stack sizes (-Xss)
#   Set larger code cache with -XX:ReservedCodeCacheSize=
# This output file may be truncated or incomplete.
#
#  Out of Memory Error (allocation.cpp:323), pid=27928, tid=23160
#
# JRE version: Java(TM) SE Runtime Environment (7.0_79-b15) (build 1.7.0_79-b15)
# Java VM: Java HotSpot(TM) 64-Bit Server VM (24.79-b02 mixed mode windows-amd64 compressed oops)
# Failed to write core dump. Minidumps are not enabled by default on client versions of Windows
#

---------------  T H R E A D  ---------------

Current thread (0x000000000859e000):  JavaThread "C2 CompilerThread1" daemon [_thread_in_native, id=23160, stack(0x00000000095e0000,0x00000000096e0000)]

Stack: [0x00000000095e0000,0x00000000096e0000]
[error occurred during error reporting (printing stack bounds), id 0xc0000005]


Current CompileTask:
C2:   7054  490   !         com.android.dx.cf.code.BytecodeArray::parseInstruction (2764 bytes)


---------------  P R O C E S S  ---------------

Java Threads: ( => current thread )
  0x0000000009a6b800 JavaThread "pool-2-thread-1" [_thread_blocked, id=28096, stack(0x0000000009de0000,0x0000000009ee0000)]
  0x0000000009a6b000 JavaThread "pool-1-thread-1" [_thread_blocked, id=27448, stack(0x0000000009ce0000,0x0000000009de0000)]
  0x00000000085a5000 JavaThread "Service Thread" daemon [_thread_blocked, id=28012, stack(0x00000000096e0000,0x00000000097e0000)]
=>0x000000000859e000 JavaThread "C2 CompilerThread1" daemon [_thread_in_native, id=23160, stack(0x00000000095e0000,0x00000000096e0000)]
  0x000000000859a000 JavaThread "C2 CompilerThread0" daemon [_thread_in_native, id=28496, stack(0x00000000094e0000,0x00000000095e0000)]
  0x0000000008598800 JavaThread "Attach Listener" daemon [_thread_blocked, id=27768, stack(0x00000000093e0000,0x00000000094e0000)]
  0x0000000008595800 JavaThread "Signal Dispatcher" daemon [_thread_blocked, id=28188, stack(0x00000000092e0000,0x00000000093e0000)]
  0x0000000008549800 JavaThread "Finalizer" daemon [_thread_blocked, id=13068, stack(0x00000000091e0000,0x00000000092e0000)]
  0x0000000008541800 JavaThread "Reference Handler" daemon [_thread_blocked, id=27160, stack(0x00000000090e0000,0x00000000091e0000)]
  0x0000000002830800 JavaThread "main" [_thread_blocked, id=27868, stack(0x0000000002660000,0x0000000002760000)]

Other Threads:
  0x000000000853c000 VMThread [stack: 0x0000000008fe0000,0x00000000090e0000] [id=28544]
  0x00000000085b7800 WatcherThread [stack: 0x00000000097e0000,0x00000000098e0000] [id=21840]

VM state:not at safepoint (normal execution)

VM Mutex/Monitor currently owned by a thread: None

Heap
 PSYoungGen      total 52736K, used 25075K [0x00000000eaa80000, 0x00000000ee180000, 0x0000000100000000)
  eden space 49152K, 43% used [0x00000000eaa80000,0x00000000ebf7ebb8,0x00000000eda80000)
  from space 3584K, 99% used [0x00000000eda80000,0x00000000eddfe3e8,0x00000000ede00000)
  to   space 3584K, 0% used [0x00000000ede00000,0x00000000ede00000,0x00000000ee180000)
 ParOldGen       total 62976K, used 12864K [0x00000000c0000000, 0x00000000c3d80000, 0x00000000eaa80000)
  object space 62976K, 20% used [0x00000000c0000000,0x00000000c0c90108,0x00000000c3d80000)
 PSPermGen       total 21504K, used 6005K [0x00000000bae00000, 0x00000000bc300000, 0x00000000c0000000)
  object space 21504K, 27% used [0x00000000bae00000,0x00000000bb3dd6f0,0x00000000bc300000)

Card table byte_map: [0x00000000059f0000,0x0000000005c20000] byte_map_base: 0x0000000005419000

Polling page: 0x00000000008e0000

Code Cache  [0x0000000002930000, 0x0000000002ba0000, 0x0000000005930000)
 total_blobs=716 nmethods=478 adapters=191 free_code_cache=47066Kb largest_free_block=48141696

Compilation events (10 events):
Event: 6.718 Thread 0x000000000859e000  487             com.android.dx.rop.code.RegisterSpecList::withFirst (64 bytes)
Event: 6.719 Thread 0x000000000859a000  488             com.android.dx.cf.code.OneLocalsArray::copy (33 bytes)
Event: 6.724 Thread 0x000000000859a000 nmethod 488 0x00000000029edad0 code [0x00000000029edc20, 0x00000000029edeb8]
Event: 6.725 Thread 0x000000000859e000 nmethod 487 0x0000000002a35450 code [0x0000000002a355a0, 0x0000000002a35898]
Event: 6.726 Thread 0x000000000859a000  489             com.android.dx.cf.code.OneLocalsArray::copy (5 bytes)
Event: 6.731 Thread 0x000000000859a000 nmethod 489 0x0000000002a34e90 code [0x0000000002a34fe0, 0x0000000002a35278]
Event: 6.737 Thread 0x000000000859e000  490   !         com.android.dx.cf.code.BytecodeArray::parseInstruction (2764 bytes)
Event: 6.742 Thread 0x000000000859a000  491             java.lang.String::lastIndexOf (151 bytes)
Event: 6.752 Thread 0x000000000859a000 nmethod 491 0x0000000002a34850 code [0x0000000002a349a0, 0x0000000002a34c58]
Event: 6.823 Thread 0x000000000859a000  492   !         com.android.dx.cf.code.RopperMachine::run (1550 bytes)

GC Heap History (6 events):
Event: 1.742 GC heap before
{Heap before GC invocations=1 (full 0):
 PSYoungGen      total 28160K, used 24576K [0x00000000eaa80000, 0x00000000ec980000, 0x0000000100000000)
  eden space 24576K, 100% used [0x00000000eaa80000,0x00000000ec280000,0x00000000ec280000)
  from space 3584K, 0% used [0x00000000ec600000,0x00000000ec600000,0x00000000ec980000)
  to   space 3584K, 0% used [0x00000000ec280000,0x00000000ec280000,0x00000000ec600000)
 ParOldGen       total 62976K, used 0K [0x00000000c0000000, 0x00000000c3d80000, 0x00000000eaa80000)
  object space 62976K, 0% used [0x00000000c0000000,0x00000000c0000000,0x00000000c3d80000)
 PSPermGen       total 21504K, used 5790K [0x00000000bae00000, 0x00000000bc300000, 0x00000000c0000000)
  object space 21504K, 26% used [0x00000000bae00000,0x00000000bb3a7860,0x00000000bc300000)
Event: 1.759 GC heap after
Heap after GC invocations=1 (full 0):
 PSYoungGen      total 28160K, used 3570K [0x00000000eaa80000, 0x00000000ee180000, 0x0000000100000000)
  eden space 24576K, 0% used [0x00000000eaa80000,0x00000000eaa80000,0x00000000ec280000)
  from space 3584K, 99% used [0x00000000ec280000,0x00000000ec5fcac8,0x00000000ec600000)
  to   space 3584K, 0% used [0x00000000ede00000,0x00000000ede00000,0x00000000ee180000)
 ParOldGen       total 62976K, used 1745K [0x00000000c0000000, 0x00000000c3d80000, 0x00000000eaa80000)
  object space 62976K, 2% used [0x00000000c0000000,0x00000000c01b4478,0x00000000c3d80000)
 PSPermGen       total 21504K, used 5790K [0x00000000bae00000, 0x00000000bc300000, 0x00000000c0000000)
  object space 21504K, 26% used [0x00000000bae00000,0x00000000bb3a7860,0x00000000bc300000)
}
Event: 3.598 GC heap before
{Heap before GC invocations=2 (full 0):
 PSYoungGen      total 28160K, used 28146K [0x00000000eaa80000, 0x00000000ee180000, 0x0000000100000000)
  eden space 24576K, 100% used [0x00000000eaa80000,0x00000000ec280000,0x00000000ec280000)
  from space 3584K, 99% used [0x00000000ec280000,0x00000000ec5fcac8,0x00000000ec600000)
  to   space 3584K, 0% used [0x00000000ede00000,0x00000000ede00000,0x00000000ee180000)
 ParOldGen       total 62976K, used 1745K [0x00000000c0000000, 0x00000000c3d80000, 0x00000000eaa80000)
  object space 62976K, 2% used [0x00000000c0000000,0x00000000c01b4478,0x00000000c3d80000)
 PSPermGen       total 21504K, used 5926K [0x00000000bae00000, 0x00000000bc300000, 0x00000000c0000000)
  object space 21504K, 27% used [0x00000000bae00000,0x00000000bb3c9b18,0x00000000bc300000)
Event: 3.621 GC heap after
Heap after GC invocations=2 (full 0):
 PSYoungGen      total 52736K, used 3582K [0x00000000eaa80000, 0x00000000ee180000, 0x0000000100000000)
  eden space 49152K, 0% used [0x00000000eaa80000,0x00000000eaa80000,0x00000000eda80000)
  from space 3584K, 99% used [0x00000000ede00000,0x00000000ee17fa68,0x00000000ee180000)
  to   space 3584K, 0% used [0x00000000eda80000,0x00000000eda80000,0x00000000ede00000)
 ParOldGen       total 62976K, used 5432K [0x00000000c0000000, 0x00000000c3d80000, 0x00000000eaa80000)
  object space 62976K, 8% used [0x00000000c0000000,0x00000000c054e3c0,0x00000000c3d80000)
 PSPermGen       total 21504K, used 5926K [0x00000000bae00000, 0x00000000bc300000, 0x00000000c0000000)
  object space 21504K, 27% used [0x00000000bae00000,0x00000000bb3c9b18,0x00000000bc300000)
}
Event: 5.978 GC heap before
{Heap before GC invocations=3 (full 0):
 PSYoungGen      total 52736K, used 52734K [0x00000000eaa80000, 0x00000000ee180000, 0x0000000100000000)
  eden space 49152K, 100% used [0x00000000eaa80000,0x00000000eda80000,0x00000000eda80000)
  from space 3584K, 99% used [0x00000000ede00000,0x00000000ee17fa68,0x00000000ee180000)
  to   space 3584K, 0% used [0x00000000eda80000,0x00000000eda80000,0x00000000ede00000)
 ParOldGen       total 62976K, used 5432K [0x00000000c0000000, 0x00000000c3d80000, 0x00000000eaa80000)
  object space 62976K, 8% used [0x00000000c0000000,0x00000000c054e3c0,0x00000000c3d80000)
 PSPermGen       total 21504K, used 5984K [0x00000000bae00000, 0x00000000bc300000, 0x00000000c0000000)
  object space 21504K, 27% used [0x00000000bae00000,0x00000000bb3d83e0,0x00000000bc300000)
Event: 6.014 GC heap after
Heap after GC invocations=3 (full 0):
 PSYoungGen      total 52736K, used 3576K [0x00000000eaa80000, 0x00000000ee180000, 0x0000000100000000)
  eden space 49152K, 0% used [0x00000000eaa80000,0x00000000eaa80000,0x00000000eda80000)
  from space 3584K, 99% used [0x00000000eda80000,0x00000000eddfe3e8,0x00000000ede00000)
  to   space 3584K, 0% used [0x00000000ede00000,0x00000000ede00000,0x00000000ee180000)
 ParOldGen       total 62976K, used 12864K [0x00000000c0000000, 0x00000000c3d80000, 0x00000000eaa80000)
  object space 62976K, 20% used [0x00000000c0000000,0x00000000c0c90108,0x00000000c3d80000)
 PSPermGen       total 21504K, used 5984K [0x00000000bae00000, 0x00000000bc300000, 0x00000000c0000000)
  object space 21504K, 27% used [0x00000000bae00000,0x00000000bb3d83e0,0x00000000bc300000)
}

Deoptimization events (10 events):
Event: 5.936 Thread 0x0000000009a86800 Uncommon trap: reason=class_check action=maybe_recompile pc=0x0000000002b10498 method=com.android.dx.cf.code.BytecodeArray.parseInstruction(ILcom/android/dx/cf/code/BytecodeArray$Visitor;)I @ 1612
Event: 5.936 Thread 0x0000000009a86800 Uncommon trap: reason=class_check action=maybe_recompile pc=0x0000000002b10498 method=com.android.dx.cf.code.BytecodeArray.parseInstruction(ILcom/android/dx/cf/code/BytecodeArray$Visitor;)I @ 1612
Event: 5.936 Thread 0x0000000009a86800 Uncommon trap: reason=class_check action=maybe_recompile pc=0x0000000002b10498 method=com.android.dx.cf.code.BytecodeArray.parseInstruction(ILcom/android/dx/cf/code/BytecodeArray$Visitor;)I @ 1612
Event: 5.959 Thread 0x0000000009a86800 Uncommon trap: reason=bimorphic action=maybe_recompile pc=0x0000000002a74cac method=com.android.dx.ssa.LiteralOpUpgrader.tryReplacingWithConstant(Lcom/android/dx/ssa/NormalSsaInsn;)Z @ 52
Event: 5.959 Thread 0x0000000009a86800 Uncommon trap: reason=bimorphic action=maybe_recompile pc=0x0000000002a74cac method=com.android.dx.ssa.LiteralOpUpgrader.tryReplacingWithConstant(Lcom/android/dx/ssa/NormalSsaInsn;)Z @ 52
Event: 5.959 Thread 0x0000000009a86800 Uncommon trap: reason=bimorphic action=maybe_recompile pc=0x0000000002a74cac method=com.android.dx.ssa.LiteralOpUpgrader.tryReplacingWithConstant(Lcom/android/dx/ssa/NormalSsaInsn;)Z @ 52
Event: 6.177 Thread 0x0000000009bc8000 Uncommon trap: reason=null_check action=make_not_entrant pc=0x0000000002b1ff18 method=com.android.dx.dex.file.FieldIdsSection.intern(Lcom/android/dx/rop/cst/CstFieldRef;)Lcom/android/dx/dex/file/FieldIdItem; @ 26
Event: 6.430 Thread 0x00000000099fa000 Uncommon trap: reason=class_check action=maybe_recompile pc=0x0000000002aac9d8 method=com.android.dx.ssa.SCCP.replaceConstants()V @ 127
Event: 6.658 Thread 0x0000000009bc8000 Uncommon trap: reason=bimorphic action=maybe_recompile pc=0x0000000002b398dc method=com.android.dx.cf.code.BytecodeArray.parseInstruction(ILcom/android/dx/cf/code/BytecodeArray$Visitor;)I @ 2484
Event: 6.658 Thread 0x0000000009bc8000 Uncommon trap: reason=bimorphic action=maybe_recompile pc=0x0000000002b398dc method=com.android.dx.cf.code.BytecodeArray.parseInstruction(ILcom/android/dx/cf/code/BytecodeArray$Visitor;)I @ 2484

Internal exceptions (10 events):
Event: 1.238 Thread 0x0000000009a86800 Threw 0x00000000ebb2a2e8 at C:\re\jdk7u79\2331\hotspot\src\share\vm\prims\jvm.cpp:1304
Event: 1.260 Thread 0x0000000009a86800 Threw 0x00000000ebbef418 at C:\re\jdk7u79\2331\hotspot\src\share\vm\prims\jvm.cpp:1304
Event: 1.361 Thread 0x0000000009bc8000 Threw 0x00000000ebbc2b50 at C:\re\jdk7u79\2331\hotspot\src\share\vm\prims\jvm.cpp:1304
Event: 1.468 Thread 0x00000000099fa000 Threw 0x00000000ebe91b98 at C:\re\jdk7u79\2331\hotspot\src\share\vm\prims\jvm.cpp:1304
Event: 1.478 Thread 0x0000000002830800 Threw 0x00000000ebf36a90 at C:\re\jdk7u79\2331\hotspot\src\share\vm\prims\jvm.cpp:1304
Event: 2.400 Thread 0x0000000002830800 Implicit null exception at 0x0000000002a0d037 to 0x0000000002a0d721
Event: 2.470 Thread 0x0000000009a86800 Implicit null exception at 0x00000000029da792 to 0x00000000029da882
Event: 3.128 Thread 0x0000000009bc8000 Threw 0x00000000eba22da8 at C:\re\jdk7u79\2331\hotspot\src\share\vm\prims\jvm.cpp:1304
Event: 5.375 Thread 0x0000000009bc8000 Implicit null exception at 0x0000000002a6a8f6 to 0x0000000002a6c041
Event: 6.073 Thread 0x00000000099fa000 Threw 0x00000000eadcd640 at C:\re\jdk7u79\2331\hotspot\src\share\vm\prims\jvm.cpp:1304

Events (10 events):
Event: 6.658 Thread 0x0000000009bc8000 Uncommon trap: trap_request=0xffffffc6 fr.pc=0x0000000002b398dc
Event: 6.658 Thread 0x0000000009bc8000 DEOPT PACKING pc=0x0000000002b398dc sp=0x000000000a1deb90
Event: 6.658 Thread 0x0000000009bc8000 DEOPT UNPACKING pc=0x0000000002969064 sp=0x000000000a1deb48 mode 2
Event: 6.766 loading class 0x00000000028a4e00
Event: 6.766 loading class 0x00000000028a4e00 done
Event: 6.766 loading class 0x00000000028a4dd0
Event: 6.767 loading class 0x00000000028a4dd0 done
Event: 6.767 Thread 0x0000000009a86800 Thread exited: 0x0000000009a86800
Event: 6.767 Thread 0x00000000099fa000 Thread exited: 0x00000000099fa000
Event: 6.767 Thread 0x0000000009bc8000 Thread exited: 0x0000000009bc8000


Dynamic libraries:
0x00007ff6dcef0000 - 0x00007ff6dcf23000 	D:\Java\jdk1.7.0_79\bin\java.exe
0x00007ffa71600000 - 0x00007ffa717c1000 	C:\Windows\SYSTEM32\ntdll.dll
0x00007ffa6f4c0000 - 0x00007ffa6f56d000 	C:\Windows\system32\KERNEL32.DLL
0x00007ffa6e990000 - 0x00007ffa6eb6d000 	C:\Windows\system32\KERNELBASE.dll
0x00007ffa6efc0000 - 0x00007ffa6f066000 	C:\Windows\system32\ADVAPI32.dll
0x00007ffa6fb80000 - 0x00007ffa6fc1d000 	C:\Windows\system32\msvcrt.dll
0x00007ffa6f070000 - 0x00007ffa6f0cb000 	C:\Windows\system32\sechost.dll
0x00007ffa6fa50000 - 0x00007ffa6fb76000 	C:\Windows\system32\RPCRT4.dll
0x00007ffa6f5d0000 - 0x00007ffa6f71e000 	C:\Windows\system32\USER32.dll
0x00007ffa71470000 - 0x00007ffa715f6000 	C:\Windows\system32\GDI32.dll
0x00007ffa69150000 - 0x00007ffa693c4000 	C:\Windows\WinSxS\amd64_microsoft.windows.com.nongda.jonney.common-controls_6595b64144ccf1df_6.0.10240.16425_none_f4210608574f6bfb\COMCTL32.dll
0x00007ffa6fe90000 - 0x00007ffa6fec6000 	C:\Windows\system32\IMM32.DLL
0x00007ffa6f8f0000 - 0x00007ffa6fa4c000 	C:\Windows\system32\MSCTF.dll
0x00007ffa6df20000 - 0x00007ffa6df51000 	C:\Windows\system32\nvinitx.dll
0x00007ffa6df10000 - 0x00007ffa6df1a000 	C:\Windows\SYSTEM32\VERSION.dll
0x0000000051720000 - 0x0000000051726000 	C:\Program Files\NVIDIA Corporation\CoProcManager\_etoured.dll
0x00007ffa6be10000 - 0x00007ffa6be42000 	C:\Program Files\NVIDIA Corporation\CoProcManager\nvd3d9wrapx.dll
0x00007ffa6f720000 - 0x00007ffa6f8e5000 	C:\Windows\system32\SETUPAPI.dll
0x00007ffa6eb70000 - 0x00007ffa6ebb4000 	C:\Windows\system32\CFGMGR32.dll
0x00007ffa6bde0000 - 0x00007ffa6be02000 	C:\Program Files\NVIDIA Corporation\CoProcManager\nvdxgiwrapx.dll
0x0000000077630000 - 0x0000000077702000 	D:\Java\jdk1.7.0_79\jre\bin\msvcr100.dll
0x0000000077820000 - 0x0000000077ff5000 	D:\Java\jdk1.7.0_79\jre\bin\com.nongda.jonney.server\jvm.dll
0x00007ffa6f220000 - 0x00007ffa6f228000 	C:\Windows\system32\PSAPI.DLL
0x00007ffa682d0000 - 0x00007ffa682d9000 	C:\Windows\SYSTEM32\WSOCK32.dll
0x00007ffa6ecd0000 - 0x00007ffa6ed39000 	C:\Windows\system32\WS2_32.dll
0x00007ffa6fed0000 - 0x00007ffa6fed8000 	C:\Windows\system32\NSI.dll
0x00007ffa6c630000 - 0x00007ffa6c653000 	C:\Windows\SYSTEM32\WINMM.dll
0x00000000008b0000 - 0x00000000008dc000 	C:\Windows\SYSTEM32\WINMMBASE.dll
0x00007ffa6c8b0000 - 0x00007ffa6c8d7000 	C:\Windows\SYSTEM32\DEVOBJ.dll
0x00000000508e0000 - 0x00000000508ef000 	D:\Java\jdk1.7.0_79\jre\bin\verify.dll
0x0000000050300000 - 0x0000000050328000 	D:\Java\jdk1.7.0_79\jre\bin\java.dll
0x00000000502e0000 - 0x00000000502f5000 	D:\Java\jdk1.7.0_79\jre\bin\zip.dll
0x00000000502c0000 - 0x00000000502da000 	D:\Java\jdk1.7.0_79\jre\bin\net.dll
0x00007ffa6d7f0000 - 0x00007ffa6d84d000 	C:\Windows\system32\mswsock.dll
0x00000000502a0000 - 0x00000000502b1000 	D:\Java\jdk1.7.0_79\jre\bin\nio.dll

VM Arguments:
jvm_args: -Djava.awt.headless=true -Xmx1024M -Dfile.encoding=GBK -Duser.country=CN -Duser.language=zh -Duser.variant 
java_command: com.android.dx.command.Main --dex --num-threads=4 --output F:\work\nongdaapp\project\NDApp3\v2\app\build\intermediates\pre-dexed\debug\com.android.support-design-23.1.1_0c10df0aa70f8a2e9e54b3aa3cd121fee349d0fc.jar F:\work\nongdaapp\project\NDApp3\v2\app\build\intermediates\exploded-aar\com.android.support\design\23.1.1\jars\classes.jar
Launcher Type: SUN_STANDARD

Environment Variables:
JAVA_HOME=D:\Java\jdk1.7.0_79
PATH=D:\Java\jdk1.7.0_79\bin;C:\Program Files (x86)\NVIDIA Corporation\PhysX\Common;C:\Windows\system32;C:\Windows;C:\Windows\System32\Wbem;C:\Windows\System32\WindowsPowerShell\v1.0\;D:\Program Files\Mybin;C:\Program Files\Microsoft SQL Server\120\Tools\Binn\;G:\Program\Git\bin;C:\Program Files (x86)\Windows Kits\10\Windows Performance Toolkit\;C:\Program Files\Microsoft\Web Platform Installer\;G:\Python\Program\Python27;G:\Program\nvm;G:\JavaScript\Program\nodejs;V:\Android\android-sdk;C:\Program Files (x86)\GtkSharp\2.12\bin;G:\Program\SlikSvn\bin;G:\JavaScript\Program\nodejs\;G:\Program\nvm;G:\JavaScript\Program\nodejs;C:\Users\Jonney\AppData\Roaming\npm
USERNAME=Jonney
OS=Windows_NT
PROCESSOR_IDENTIFIER=Intel64 Family 6 Model 42 Stepping 7, GenuineIntel



---------------  S Y S T E M  ---------------

OS: Windows 8.1 , 64 bit Build 9600 

CPU:total 2 (2 cores per cpu, 1 threads per core) family 6 model 42 stepping 7, cmov, cx8, fxsr, mmx, sse, sse2, sse3, ssse3, sse4.1, sse4.2, popcnt, tsc, tscinvbit

Memory: 4k page, physical 6062136k(350728k free), swap 7110712k(5644k free)

vm_info: Java HotSpot(TM) 64-Bit Server VM (24.79-b02) for windows-amd64 JRE (1.7.0_79-b15), built on Apr 10 2015 12:36:16 by "java_re" with unknown MS VC++:1600

time: Thu Feb 25 03:55:06 2016
elapsed time: 7 seconds

